<?xml version="1.0" encoding="UTF-8"?>
<testng-results skipped="0" failed="0" ignored="0" total="5" passed="5">
  <reporter-output>
  </reporter-output>
  <suite name="search-module" duration-ms="77695" started-at="2022-02-13T15:25:51Z" finished-at="2022-02-13T15:27:09Z">
    <groups>
    </groups>
    <test name="search-module-5" duration-ms="31460" started-at="2022-02-13T15:25:51Z" finished-at="2022-02-13T15:26:23Z">
      <class name="com.searchmodule.tests.SearchTests">
        <test-method status="PASS" signature="setUpDriver()[pri:0, instance:com.searchmodule.tests.SearchTests@48140564]" name="setUpDriver" is-config="true" duration-ms="12234" started-at="2022-02-13T15:25:51Z" finished-at="2022-02-13T15:26:03Z">
          <reporter-output>
          </reporter-output>
        </test-method> <!-- setUpDriver -->
        <test-method status="PASS" signature="search(java.lang.String)[pri:0, instance:com.searchmodule.tests.SearchTests@48140564]" name="search" duration-ms="16239" started-at="2022-02-13T15:26:03Z" finished-at="2022-02-13T15:26:20Z">
          <params>
            <param index="0">
              <value>
                <![CDATA[netflix]]>
              </value>
            </param>
          </params>
          <reporter-output>
          </reporter-output>
        </test-method> <!-- search -->
        <test-method status="PASS" signature="tearDown()[pri:0, instance:com.searchmodule.tests.SearchTests@48140564]" name="tearDown" is-config="true" duration-ms="2854" started-at="2022-02-13T15:26:20Z" finished-at="2022-02-13T15:26:23Z">
          <reporter-output>
          </reporter-output>
        </test-method> <!-- tearDown -->
      </class> <!-- com.searchmodule.tests.SearchTests -->
    </test> <!-- search-module-5 -->
    <test name="search-module-3" duration-ms="56769" started-at="2022-02-13T15:25:51Z" finished-at="2022-02-13T15:26:48Z">
      <class name="com.searchmodule.tests.SearchTests">
        <test-method status="PASS" signature="setUpDriver()[pri:0, instance:com.searchmodule.tests.SearchTests@1b0375b3]" name="setUpDriver" is-config="true" duration-ms="40782" started-at="2022-02-13T15:25:51Z" finished-at="2022-02-13T15:26:32Z">
          <reporter-output>
          </reporter-output>
        </test-method> <!-- setUpDriver -->
        <test-method status="PASS" signature="search(java.lang.String)[pri:0, instance:com.searchmodule.tests.SearchTests@1b0375b3]" name="search" duration-ms="13912" started-at="2022-02-13T15:26:32Z" finished-at="2022-02-13T15:26:46Z">
          <params>
            <param index="0">
              <value>
                <![CDATA[docker]]>
              </value>
            </param>
          </params>
          <reporter-output>
          </reporter-output>
        </test-method> <!-- search -->
        <test-method status="PASS" signature="tearDown()[pri:0, instance:com.searchmodule.tests.SearchTests@1b0375b3]" name="tearDown" is-config="true" duration-ms="2066" started-at="2022-02-13T15:26:46Z" finished-at="2022-02-13T15:26:48Z">
          <reporter-output>
          </reporter-output>
        </test-method> <!-- tearDown -->
      </class> <!-- com.searchmodule.tests.SearchTests -->
    </test> <!-- search-module-3 -->
    <test name="search-module-4" duration-ms="58265" started-at="2022-02-13T15:25:51Z" finished-at="2022-02-13T15:26:49Z">
      <class name="com.searchmodule.tests.SearchTests">
        <test-method status="PASS" signature="setUpDriver()[pri:0, instance:com.searchmodule.tests.SearchTests@e580929]" name="setUpDriver" is-config="true" duration-ms="42812" started-at="2022-02-13T15:25:51Z" finished-at="2022-02-13T15:26:34Z">
          <reporter-output>
          </reporter-output>
        </test-method> <!-- setUpDriver -->
        <test-method status="PASS" signature="search(java.lang.String)[pri:0, instance:com.searchmodule.tests.SearchTests@e580929]" name="search" duration-ms="13560" started-at="2022-02-13T15:26:34Z" finished-at="2022-02-13T15:26:47Z">
          <params>
            <param index="0">
              <value>
                <![CDATA[jenkins]]>
              </value>
            </param>
          </params>
          <reporter-output>
          </reporter-output>
        </test-method> <!-- search -->
        <test-method status="PASS" signature="tearDown()[pri:0, instance:com.searchmodule.tests.SearchTests@e580929]" name="tearDown" is-config="true" duration-ms="1887" started-at="2022-02-13T15:26:47Z" finished-at="2022-02-13T15:26:49Z">
          <reporter-output>
          </reporter-output>
        </test-method> <!-- tearDown -->
      </class> <!-- com.searchmodule.tests.SearchTests -->
    </test> <!-- search-module-4 -->
    <test name="search-module-2" duration-ms="69005" started-at="2022-02-13T15:25:51Z" finished-at="2022-02-13T15:27:00Z">
      <class name="com.searchmodule.tests.SearchTests">
        <test-method status="PASS" signature="setUpDriver()[pri:0, instance:com.searchmodule.tests.SearchTests@5a39699c]" name="setUpDriver" is-config="true" duration-ms="63601" started-at="2022-02-13T15:25:51Z" finished-at="2022-02-13T15:26:55Z">
          <reporter-output>
          </reporter-output>
        </test-method> <!-- setUpDriver -->
        <test-method status="PASS" signature="search(java.lang.String)[pri:0, instance:com.searchmodule.tests.SearchTests@5a39699c]" name="search" duration-ms="4532" started-at="2022-02-13T15:26:55Z" finished-at="2022-02-13T15:26:59Z">
          <params>
            <param index="0">
              <value>
                <![CDATA[qa]]>
              </value>
            </param>
          </params>
          <reporter-output>
          </reporter-output>
        </test-method> <!-- search -->
        <test-method status="PASS" signature="tearDown()[pri:0, instance:com.searchmodule.tests.SearchTests@5a39699c]" name="tearDown" is-config="true" duration-ms="868" started-at="2022-02-13T15:26:59Z" finished-at="2022-02-13T15:27:00Z">
          <reporter-output>
          </reporter-output>
        </test-method> <!-- tearDown -->
      </class> <!-- com.searchmodule.tests.SearchTests -->
    </test> <!-- search-module-2 -->
    <test name="search-module-1" duration-ms="77695" started-at="2022-02-13T15:25:51Z" finished-at="2022-02-13T15:27:09Z">
      <class name="com.searchmodule.tests.SearchTests">
        <test-method status="PASS" signature="setUpDriver()[pri:0, instance:com.searchmodule.tests.SearchTests@649d209a]" name="setUpDriver" is-config="true" duration-ms="72496" started-at="2022-02-13T15:25:51Z" finished-at="2022-02-13T15:27:04Z">
          <reporter-output>
          </reporter-output>
        </test-method> <!-- setUpDriver -->
        <test-method status="PASS" signature="search(java.lang.String)[pri:0, instance:com.searchmodule.tests.SearchTests@649d209a]" name="search" duration-ms="4349" started-at="2022-02-13T15:27:04Z" finished-at="2022-02-13T15:27:08Z">
          <params>
            <param index="0">
              <value>
                <![CDATA[java]]>
              </value>
            </param>
          </params>
          <reporter-output>
          </reporter-output>
        </test-method> <!-- search -->
        <test-method status="PASS" signature="tearDown()[pri:0, instance:com.searchmodule.tests.SearchTests@649d209a]" name="tearDown" is-config="true" duration-ms="848" started-at="2022-02-13T15:27:08Z" finished-at="2022-02-13T15:27:09Z">
          <reporter-output>
          </reporter-output>
        </test-method> <!-- tearDown -->
      </class> <!-- com.searchmodule.tests.SearchTests -->
    </test> <!-- search-module-1 -->
  </suite> <!-- search-module -->
</testng-results>
